RepairShopAndroid/app/build/intermediates/manifest_merge_blame_file/debug/manifest-merger-blame-debug-report.txt
1<?xml version="1.0" encoding="utf-8"?>
2<manifest xmlns:android="http://schemas.android.com/apk/res/android"
3    package="ca.mcgill.ecse321.repairshop_android"
4    android:versionCode="1"
5    android:versionName="1.0" >
6
7    <uses-sdk
8        android:minSdkVersion="21"
8-->src/main/AndroidManifest.xml
9        android:targetSdkVersion="29" />
9-->src/main/AndroidManifest.xml
10
11    <uses-permission android:name="android.permission.INTERNET" />
11-->src/main/AndroidManifest.xml:5:5-67
11-->src/main/AndroidManifest.xml:5:22-64
12    <uses-permission android:name="android.permission.ACCESS_NETWORK_STATE" />
12-->src/main/AndroidManifest.xml:6:5-79
12-->src/main/AndroidManifest.xml:6:22-76
13
14    <application
14-->src/main/AndroidManifest.xml:8:5-26:19
15        android:allowBackup="true"
15-->src/main/AndroidManifest.xml:9:9-35
16        android:appComponentFactory="androidx.core.app.CoreComponentFactory"
16-->[androidx.core:core:1.6.0-alpha01] AndroidManifest.xml:24:18-86
17        android:debuggable="true"
18        android:icon="@drawable/auto"
18-->src/main/AndroidManifest.xml:10:9-38
19        android:label="@string/app_name"
19-->src/main/AndroidManifest.xml:11:9-41
20        android:roundIcon="@drawable/auto"
20-->src/main/AndroidManifest.xml:12:9-43
21        android:supportsRtl="true"
21-->src/main/AndroidManifest.xml:13:9-35
22        android:testOnly="true"
23        android:theme="@style/AppTheme" >
23-->src/main/AndroidManifest.xml:14:9-40
24        <activity android:name="ca.mcgill.ecse321.repairshop_android.Activities.SignUpPage" />
24-->src/main/AndroidManifest.xml:15:9-59
24-->src/main/AndroidManifest.xml:15:19-56
25        <activity android:name="ca.mcgill.ecse321.repairshop_android.Activities.Technician.TechnicianMainActivity" />
25-->src/main/AndroidManifest.xml:16:9-82
25-->src/main/AndroidManifest.xml:16:19-79
26        <activity android:name="ca.mcgill.ecse321.repairshop_android.Activities.Admin.AdminMainActivity" />
26-->src/main/AndroidManifest.xml:17:9-72
26-->src/main/AndroidManifest.xml:17:19-69
27        <activity android:name="ca.mcgill.ecse321.repairshop_android.Activities.Customer.CustomerMainActivity" />
27-->src/main/AndroidManifest.xml:18:9-78
27-->src/main/AndroidManifest.xml:18:19-75
28        <activity android:name="ca.mcgill.ecse321.repairshop_android.Activities.MainActivity" >
28-->src/main/AndroidManifest.xml:19:9-25:20
28-->src/main/AndroidManifest.xml:19:19-58
29            <intent-filter>
29-->src/main/AndroidManifest.xml:20:13-24:29
30                <action android:name="android.intent.action.MAIN" />
30-->src/main/AndroidManifest.xml:21:17-69
30-->src/main/AndroidManifest.xml:21:25-66
31
32                <category android:name="android.intent.category.LAUNCHER" />
32-->src/main/AndroidManifest.xml:23:17-77
32-->src/main/AndroidManifest.xml:23:27-74
33            </intent-filter>
34        </activity>
35    </application>
36
37</manifest>